<?xml version="1.0" encoding="UTF-8"?>
<!-- Generated by org.testng.reporters.JUnitReportReporter -->
<testsuite hostname="BR2-38N3JTPR2BH" failures="0" tests="2" name="PracticeTest" time="18.380" errors="0" timestamp="2022-07-14T22:16:33 CEST" skipped="0">
  <testcase classname="PracticeTest" name="exercise_2" time="18.376"/>
  <system-out>
    <![CDATA[2022-07-14T22:16:10.622537900: navigate to page: https://alza.sk
2022-07-14T22:16:14.061680600Waiting for element: By.xpath: //a[contains(@class,'accept')]
2022-07-14T22:16:14.086227100Clicking at element: By.xpath: //a[contains(@class,'accept')]
2022-07-14T22:16:14.181929600: navigate Smart devices and Phones
2022-07-14T22:16:14.181929600Waiting for element: By.xpath: //a[@href='/mobily-smart-hodinky-tablety']
2022-07-14T22:16:14.226834600Clicking at element: By.xpath: //a[@href='/mobily-smart-hodinky-tablety']
2022-07-14T22:16:15.230252700Waiting for element: By.xpath: //div[@class='category-tree']//a[contains(@href,'/mobily/')]
2022-07-14T22:16:15.373137400Clicking at element: By.xpath: //div[@class='category-tree']//a[contains(@href,'/mobily/')]
2022-07-14T22:16:17.478989900: open most expensive products
2022-07-14T22:16:17.480138600Waiting for element: By.xpath: //a[@href='#cenadesc']
2022-07-14T22:16:17.743770700Clicking at element: By.xpath: //a[@href='#cenadesc']
2022-07-14T22:16:17.895263100Waiting for element: By.xpath: //div[@id='boxes']/div
2022-07-14T22:16:17.997560800: adding product to basket
2022-07-14T22:16:17.997560800 Wait for Web Element to be Clickable, max : 10 s
2022-07-14T22:16:20.948398800Clicking at element: By.xpath: //div[@id='boxes']/div[1]//a[@data-lb-action]
2022-07-14T22:16:24.590807500: adding product to basket
2022-07-14T22:16:24.590807500 Wait for Web Element to be Clickable, max : 10 s
2022-07-14T22:16:25.969885300Clicking at element: By.xpath: //div[@id='boxes']/div[2]//a[@data-lb-action]
2022-07-14T22:16:27.731253400: navigate Smart devices and Phones
2022-07-14T22:16:27.731753200Clicking at element: By.xpath: //div[@id='basket']
2022-07-14T22:16:28.763780100Waiting for element: By.xpath: //div[@id='orderpage']]]>
  </system-out>
  <testcase classname="PracticeTest" name="exercise_1" time="0.004"/>
  <system-out>
    <![CDATA[Agile
Software
98
97
Software
Agile
94
Software
92
91
Testing
89
88
Software
86
Agile
Software
83
82
Software
Agile
79
Software
77
76
Testing
74
73
Software
71
Agile
Software
68
67
Software
Agile
64
Software
62
61
Testing
59
58
Software
56
Agile
Software
53
52
Software
Agile
49
Software
47
46
Testing
44
43
Software
41
Agile
Software
38
37
Software
Agile
34
Software
32
31
Testing
29
28
Software
26
Agile
Software
23
22
Software
Agile
19
Software
17
16
Testing
14
13
Software
11
Agile
Software
8
7
Software
Agile
4
Software
2
1]]>
  </system-out>
</testsuite> <!-- PracticeTest -->
